<?xml version="1.0" encoding="UTF-8"?>
<testsuite xmlns:xsi="http://www.w3.org/2001/XMLSchema-instance" xsi:noNamespaceSchemaLocation="https://maven.apache.org/surefire/maven-surefire-plugin/xsd/surefire-test-report-3.0.xsd" version="3.0" name="org.example.SecurityService.SecurityServiceTest" time="0.558" tests="25" errors="0" skipped="0" failures="0">
  <properties>
[...]
</properties>
  <testcase name="changeSensorActivationStatus_pendingAlarmAndInactiveSensor_statusNOAlarm3" classname="org.example.SecurityService.SecurityServiceTest" time="0.421"/>
  <testcase name="IfArmed_resetAllSensorsToInactive10(ArmingStatus)[1]" classname="org.example.SecurityService.SecurityServiceTest" time="0.015"/>
  <testcase name="IfArmed_resetAllSensorsToInactive10(ArmingStatus)[2]" classname="org.example.SecurityService.SecurityServiceTest" time="0.003"/>
  <testcase name="SetArmingStatus_systemArmAndCatDetected_updateSensor" classname="org.example.SecurityService.SecurityServiceTest" time="0.004"/>
  <testcase name="IfArmedHomeAnd_showCat_statusAlarm11" classname="org.example.SecurityService.SecurityServiceTest" time="0.003"/>
  <testcase name="SetDisArmed_disarmed_statusNoAlarm9" classname="org.example.SecurityService.SecurityServiceTest" time="0.001"/>
  <testcase name="changeSensorActivationStatus_alarmActive_statusNOAffect4(boolean)[1]" classname="org.example.SecurityService.SecurityServiceTest" time="0.003"/>
  <testcase name="changeSensorActivationStatus_alarmActive_statusNOAffect4(boolean)[2]" classname="org.example.SecurityService.SecurityServiceTest" time="0.002"/>
  <testcase name="changeSensorStatusWithAlarms(AlarmStatus, SensorType, Boolean)[1]" classname="org.example.SecurityService.SecurityServiceTest" time="0.004"/>
  <testcase name="changeSensorStatusWithAlarms(AlarmStatus, SensorType, Boolean)[2]" classname="org.example.SecurityService.SecurityServiceTest" time="0.004"/>
  <testcase name="changeSensorStatusWithAlarms(AlarmStatus, SensorType, Boolean)[3]" classname="org.example.SecurityService.SecurityServiceTest" time="0.004"/>
  <testcase name="changeSensorStatusWithAlarms(AlarmStatus, SensorType, Boolean)[4]" classname="org.example.SecurityService.SecurityServiceTest" time="0.002"/>
  <testcase name="changeSensorStatusWithAlarms(AlarmStatus, SensorType, Boolean)[5]" classname="org.example.SecurityService.SecurityServiceTest" time="0.003"/>
  <testcase name="changeSensorStatusWithAlarms(AlarmStatus, SensorType, Boolean)[6]" classname="org.example.SecurityService.SecurityServiceTest" time="0.002"/>
  <testcase name="changeSensorActivationStatus_alreadyDeactivatedSensorDeactivated_noAlarmStatus6(AlarmStatus)[1]" classname="org.example.SecurityService.SecurityServiceTest" time="0.001"/>
  <testcase name="changeSensorActivationStatus_alreadyDeactivatedSensorDeactivated_noAlarmStatus6(AlarmStatus)[2]" classname="org.example.SecurityService.SecurityServiceTest" time="0.001"/>
  <testcase name="changeSensorActivationStatus_alreadyDeactivatedSensorDeactivated_noAlarmStatus6(AlarmStatus)[3]" classname="org.example.SecurityService.SecurityServiceTest" time="0.002"/>
  <testcase name="processImage_containingCatAndArmedHome_alarmStatus7" classname="org.example.SecurityService.SecurityServiceTest" time="0.002"/>
  <testcase name="changeSensorActivationStatus_ArmedAndActivated_statusPending1" classname="org.example.SecurityService.SecurityServiceTest" time="0.001"/>
  <testcase name="processImage_NoCatSensorAndInactive_statusNOAlarm8" classname="org.example.SecurityService.SecurityServiceTest" time="0.002"/>
  <testcase name="setArmingStatus(ArmingStatus)[1]" classname="org.example.SecurityService.SecurityServiceTest" time="0.002"/>
  <testcase name="setArmingStatus(ArmingStatus)[2]" classname="org.example.SecurityService.SecurityServiceTest" time="0.001"/>
  <testcase name="setArmingStatus(ArmingStatus)[3]" classname="org.example.SecurityService.SecurityServiceTest" time="0.001"/>
  <testcase name="changeSensorActivationStatus_alarmActiveAgainAndPendingState_statusAlarmState5" classname="org.example.SecurityService.SecurityServiceTest" time="0.002"/>
  <testcase name="changeSensorActivationStatus_ArmedAndActivatedAndpendingAlarm_statusAlarm2" classname="org.example.SecurityService.SecurityServiceTest" time="0.002"/>
</testsuite>